<?xml version="1.0" encoding="UTF-8"?>
<!-- Generated by org.testng.reporters.JUnitReportReporter -->
<testsuite hostname="DESKTOP-45TF4RE" name="runners.TestRunner" tests="1" failures="0" timestamp="29 Jun 2020 08:20:18 GMT" time="31.038" errors="0">
  <testcase name="feature" time="31.038" classname="runners.TestRunner"/>
</testsuite> <!-- runners.TestRunner -->
