<?xml version="1.0" encoding="UTF-8"?>
<!-- Generated by org.testng.reporters.JUnitReportReporter -->
<testsuite hostname="DESKTOP-45TF4RE" name="runners.TestRunner" tests="1" failures="0" timestamp="1 Apr 2020 10:54:51 GMT" time="42.606" errors="0">
  <testcase name="feature" time="42.606" classname="runners.TestRunner"/>
</testsuite> <!-- runners.TestRunner -->
